Started GET "/" for 127.0.0.1 at 2018-10-18 20:22:46 -0300
Processing by Rails::WelcomeController#index as HTML
  Rendering /home/yamada/.rvm/gems/ruby-2.5.3/gems/railties-5.2.1/lib/rails/templates/rails/welcome/index.html.erb
  Rendered /home/yamada/.rvm/gems/ruby-2.5.3/gems/railties-5.2.1/lib/rails/templates/rails/welcome/index.html.erb (2.3ms)
Completed 200 OK in 18ms (Views: 7.9ms | ActiveRecord: 0.0ms)


Started GET "/" for 127.0.0.1 at 2018-10-18 20:27:05 -0300
Processing by Rails::WelcomeController#index as HTML
  Rendering /home/yamada/.rvm/gems/ruby-2.5.3/gems/railties-5.2.1/lib/rails/templates/rails/welcome/index.html.erb
  Rendered /home/yamada/.rvm/gems/ruby-2.5.3/gems/railties-5.2.1/lib/rails/templates/rails/welcome/index.html.erb (3.2ms)
Completed 200 OK in 12ms (Views: 5.2ms | ActiveRecord: 0.0ms)


  [1m[35m (0.1ms)[0m  [1m[34mSELECT sqlite_version(*)[0m
  ↳ /home/yamada/.rvm/gems/ruby-2.5.3/bin/rake:23
  [1m[35m (125.3ms)[0m  [1m[35mCREATE TABLE "schema_migrations" ("version" varchar NOT NULL PRIMARY KEY)[0m
  ↳ /home/yamada/.rvm/gems/ruby-2.5.3/bin/rake:23
  [1m[35m (177.5ms)[0m  [1m[35mCREATE TABLE "ar_internal_metadata" ("key" varchar NOT NULL PRIMARY KEY, "value" varchar, "created_at" datetime NOT NULL, "updated_at" datetime NOT NULL)[0m
  ↳ /home/yamada/.rvm/gems/ruby-2.5.3/bin/rake:23
  [1m[36mActiveRecord::InternalMetadata Load (0.2ms)[0m  [1m[34mSELECT  "ar_internal_metadata".* FROM "ar_internal_metadata" WHERE "ar_internal_metadata"."key" = ? LIMIT ?[0m  [["key", "environment"], ["LIMIT", 1]]
  ↳ /home/yamada/.rvm/gems/ruby-2.5.3/bin/rake:23
  [1m[35m (0.1ms)[0m  [1m[36mbegin transaction[0m
  ↳ /home/yamada/.rvm/gems/ruby-2.5.3/bin/rake:23
  [1m[36mActiveRecord::InternalMetadata Create (0.2ms)[0m  [1m[32mINSERT INTO "ar_internal_metadata" ("key", "value", "created_at", "updated_at") VALUES (?, ?, ?, ?)[0m  [["key", "environment"], ["value", "development"], ["created_at", "2018-10-18 23:45:06.598126"], ["updated_at", "2018-10-18 23:45:06.598126"]]
  ↳ /home/yamada/.rvm/gems/ruby-2.5.3/bin/rake:23
  [1m[35m (104.9ms)[0m  [1m[36mcommit transaction[0m
  ↳ /home/yamada/.rvm/gems/ruby-2.5.3/bin/rake:23
  [1m[35m (0.1ms)[0m  [1m[34mSELECT "schema_migrations"."version" FROM "schema_migrations" ORDER BY "schema_migrations"."version" ASC[0m
  ↳ /home/yamada/.rvm/gems/ruby-2.5.3/bin/rake:23
